<?xml version="1.0" encoding="UTF-8"?>
<!-- Generated by org.testng.reporters.JUnitReportReporter -->
<testsuite name="com.sample.DemoProgram" tests="1" time="12.899" ignored="0" failures="0" timestamp="16 Jun 2017 07:50:17 GMT" skipped="0" hostname="anshi" errors="0">
  <testcase name="demo" time="12.899" classname="com.sample.DemoProgram"/>
</testsuite> <!-- com.sample.DemoProgram -->
